<?xml version="1.0" encoding="UTF-8"?>
<testsuite xmlns:xsi="http://www.w3.org/2001/XMLSchema-instance" xsi:schemaLocation="https://maven.apache.org/surefire/maven-surefire-plugin/xsd/surefire-test-report.xsd" name="org.graylog.plugins.metrics.mongodb.jadconfig.MongoClientURIConverterTest" time="0.006" tests="6" errors="0" skipped="0" failures="0">
  <properties>
    <property name="java.runtime.name" value="OpenJDK Runtime Environment"/>
    <property name="sun.boot.library.path" value="/home/u809623/openlogic-openjdk-8u262-b10-linux-64/jre/lib/amd64"/>
    <property name="java.vm.version" value="25.71-b10"/>
    <property name="java.vm.vendor" value="OpenLogic-OpenJDK"/>
    <property name="maven.multiModuleProjectDirectory" value="/tmp/graylog-plugin-metrics-reporter"/>
    <property name="java.vendor.url" value="http://java.oracle.com/"/>
    <property name="path.separator" value=":"/>
    <property name="guice.disable.misplaced.annotation.check" value="true"/>
    <property name="java.vm.name" value="OpenJDK 64-Bit Server VM"/>
    <property name="file.encoding.pkg" value="sun.io"/>
    <property name="user.country" value="DE"/>
    <property name="sun.java.launcher" value="SUN_STANDARD"/>
    <property name="sun.os.patch.level" value="unknown"/>
    <property name="java.vm.specification.name" value="Java Virtual Machine Specification"/>
    <property name="user.dir" value="/tmp/graylog-plugin-metrics-reporter"/>
    <property name="java.runtime.version" value="1.8.0-262-b10"/>
    <property name="java.awt.graphicsenv" value="sun.awt.X11GraphicsEnvironment"/>
    <property name="java.endorsed.dirs" value="/home/u809623/openlogic-openjdk-8u262-b10-linux-64/jre/lib/endorsed"/>
    <property name="os.arch" value="amd64"/>
    <property name="java.io.tmpdir" value="/tmp"/>
    <property name="line.separator" value="&#10;"/>
    <property name="java.vm.specification.vendor" value="Oracle Corporation"/>
    <property name="os.name" value="Linux"/>
    <property name="classworlds.conf" value="/opt/maven/bin/m2.conf"/>
    <property name="sun.jnu.encoding" value="UTF-8"/>
    <property name="java.library.path" value="/usr/java/packages/lib/amd64:/usr/lib64:/lib64:/lib:/usr/lib"/>
    <property name="maven.conf" value="/opt/maven/conf"/>
    <property name="java.specification.name" value="Java Platform API Specification"/>
    <property name="java.class.version" value="52.0"/>
    <property name="sun.management.compiler" value="HotSpot 64-Bit Tiered Compilers"/>
    <property name="os.version" value="5.10.102-1-MANJARO"/>
    <property name="library.jansi.path" value="/opt/maven/lib/jansi-native"/>
    <property name="user.home" value="/home/u809623"/>
    <property name="user.timezone" value="Europe/Berlin"/>
    <property name="java.awt.printerjob" value="sun.print.PSPrinterJob"/>
    <property name="java.specification.version" value="1.8"/>
    <property name="file.encoding" value="UTF-8"/>
    <property name="user.name" value="u809623"/>
    <property name="java.class.path" value="/opt/maven/boot/plexus-classworlds-2.6.0.jar"/>
    <property name="java.vm.specification.version" value="1.8"/>
    <property name="sun.arch.data.model" value="64"/>
    <property name="java.home" value="/home/u809623/openlogic-openjdk-8u262-b10-linux-64/jre"/>
    <property name="sun.java.command" value="org.codehaus.plexus.classworlds.launcher.Launcher package"/>
    <property name="java.specification.vendor" value="Oracle Corporation"/>
    <property name="user.language" value="de"/>
    <property name="awt.toolkit" value="sun.awt.X11.XToolkit"/>
    <property name="java.vm.info" value="mixed mode"/>
    <property name="java.version" value="1.8.0-262"/>
    <property name="java.ext.dirs" value="/home/u809623/openlogic-openjdk-8u262-b10-linux-64/jre/lib/ext:/usr/java/packages/lib/ext"/>
    <property name="sun.boot.class.path" value="/home/u809623/openlogic-openjdk-8u262-b10-linux-64/jre/lib/resources.jar:/home/u809623/openlogic-openjdk-8u262-b10-linux-64/jre/lib/rt.jar:/home/u809623/openlogic-openjdk-8u262-b10-linux-64/jre/lib/sunrsasign.jar:/home/u809623/openlogic-openjdk-8u262-b10-linux-64/jre/lib/jsse.jar:/home/u809623/openlogic-openjdk-8u262-b10-linux-64/jre/lib/jce.jar:/home/u809623/openlogic-openjdk-8u262-b10-linux-64/jre/lib/charsets.jar:/home/u809623/openlogic-openjdk-8u262-b10-linux-64/jre/lib/jfr.jar:/home/u809623/openlogic-openjdk-8u262-b10-linux-64/jre/classes"/>
    <property name="java.vendor" value="OpenLogic-OpenJDK"/>
    <property name="maven.home" value="/opt/maven"/>
    <property name="file.separator" value="/"/>
    <property name="java.vendor.url.bug" value="http://bugreport.sun.com/bugreport/"/>
    <property name="sun.cpu.endian" value="little"/>
    <property name="sun.io.unicode.encoding" value="UnicodeLittle"/>
    <property name="sun.cpu.isalist" value=""/>
  </properties>
  <testcase name="convertFromInvalidConnectionString" classname="org.graylog.plugins.metrics.mongodb.jadconfig.MongoClientURIConverterTest" time="0.004"/>
  <testcase name="convertToWithNull" classname="org.graylog.plugins.metrics.mongodb.jadconfig.MongoClientURIConverterTest" time="0"/>
  <testcase name="convertFromEmptyString" classname="org.graylog.plugins.metrics.mongodb.jadconfig.MongoClientURIConverterTest" time="0.001"/>
  <testcase name="convertToWithValidMongoClientURI" classname="org.graylog.plugins.metrics.mongodb.jadconfig.MongoClientURIConverterTest" time="0"/>
  <testcase name="convertFromNull" classname="org.graylog.plugins.metrics.mongodb.jadconfig.MongoClientURIConverterTest" time="0"/>
  <testcase name="convertFromValidConnectionString" classname="org.graylog.plugins.metrics.mongodb.jadconfig.MongoClientURIConverterTest" time="0"/>
</testsuite>